<?xml version="1.0" encoding="UTF-8"?>
<!-- Generated by org.testng.reporters.JUnitXMLReporter -->
<testsuite ignored="0" hostname="DESKTOP-PVFDM7N" failures="2" tests="2" name="Default test" time="55.562" errors="0" timestamp="2024-03-21T10:00:13 IST">
  <testcase classname="io.cucumber.testng.AbstractTestNGCucumberTests" name="runScenario" time="50.99">
    <failure type="java.lang.AssertionError" message="expected [Beetroot] but found [Items]">
      <![CDATA[java.lang.AssertionError: expected [Beetroot] but found [Items]
at org.testng.Assert.fail(Assert.java:111)
at org.testng.Assert.failNotEquals(Assert.java:1578)
at org.testng.Assert.assertEqualsImpl(Assert.java:150)
at org.testng.Assert.assertEquals(Assert.java:132)
at org.testng.Assert.assertEquals(Assert.java:656)
at org.testng.Assert.assertEquals(Assert.java:666)
at stepDefinitions.OfferPageStepDefination.validate_product_name_in_offers_page_matches_with_landing_page(OfferPageStepDefination.java)
at ✽.validate product name in offers page matches with Landing page(file:///F:/eclipse2023_09workspace/CucumberFramework/src/test/java/features/searchProduct.feature:8)
]]>
    </failure>
  </testcase> <!-- runScenario -->
  <testcase classname="io.cucumber.testng.AbstractTestNGCucumberTests" name="runScenario" time="53.304">
    <failure type="java.lang.AssertionError" message="expected [Tomato] but found [Items]">
      <![CDATA[java.lang.AssertionError: expected [Tomato] but found [Items]
at org.testng.Assert.fail(Assert.java:111)
at org.testng.Assert.failNotEquals(Assert.java:1578)
at org.testng.Assert.assertEqualsImpl(Assert.java:150)
at org.testng.Assert.assertEquals(Assert.java:132)
at org.testng.Assert.assertEquals(Assert.java:656)
at org.testng.Assert.assertEquals(Assert.java:666)
at stepDefinitions.OfferPageStepDefination.validate_product_name_in_offers_page_matches_with_landing_page(OfferPageStepDefination.java)
at ✽.validate product name in offers page matches with Landing page(file:///F:/eclipse2023_09workspace/CucumberFramework/src/test/java/features/searchProduct.feature:8)
]]>
    </failure>
  </testcase> <!-- runScenario -->
</testsuite> <!-- Default test -->
